* This is the StructMobWeight report file that is output every time the server starts.
* 
* Spawn Balance Utility (SBU) will use this file ONLY if it is renamed to StructMobWeight.csv.
* Lines starting with '*' are comments and ignored
* It allows you to add and remove mobs and adjust their spawnweights for Structures
* like shipwrecks, nether fortresses, water monuments, etc.
* 
1, graveyard:altar, HEADING, header:ignore, 0, 0, 0
2, minecraft:ancient_city, HEADING, header:ignore, 0, 0, 0
3, minecraft:bastion_remnant, HEADING, header:ignore, 0, 0, 0
4, minecraft:buried_treasure, HEADING, header:ignore, 0, 0, 0
5, born_in_chaos_v1:clown_caravan_plains, HEADING, header:ignore, 0, 0, 0
6, born_in_chaos_v1:clown_caravan_plains, MONSTER, born_in_chaos_v1:zombie_clown, 35, 1, 2
7, born_in_chaos_v1:clown_caravan_savanna, HEADING, header:ignore, 0, 0, 0
8, born_in_chaos_v1:clown_caravan_savanna, MONSTER, born_in_chaos_v1:zombie_clown, 35, 1, 2
9, born_in_chaos_v1:clown_caravan_taiga, HEADING, header:ignore, 0, 0, 0
10, born_in_chaos_v1:clown_caravan_taiga, MONSTER, born_in_chaos_v1:zombie_clown, 35, 1, 2
11, graveyard:crypt, HEADING, header:ignore, 0, 0, 0
12, graveyard:crypt, MONSTER, graveyard:acolyte, 25, 1, 1
13, graveyard:crypt, MONSTER, graveyard:nameless_hanged, 25, 1, 1
14, graveyard:crypt, MONSTER, graveyard:corrupted_vindicator, 35, 1, 3
15, graveyard:crypt, MONSTER, graveyard:corrupted_pillager, 35, 1, 3
16, born_in_chaos_v1:dark_tower_forest, HEADING, header:ignore, 0, 0, 0
17, born_in_chaos_v1:dark_tower_plain, HEADING, header:ignore, 0, 0, 0
18, born_in_chaos_v1:dark_tower_taiga, HEADING, header:ignore, 0, 0, 0
19, graveyard:dead_tree, HEADING, header:ignore, 0, 0, 0
20, terralith:desert_outpost, HEADING, header:ignore, 0, 0, 0
21, terralith:desert_outpost, MONSTER, minecraft:pillager, 10, 1, 1
22, minecraft:desert_pyramid, HEADING, header:ignore, 0, 0, 0
23, minecraft:end_city, HEADING, header:ignore, 0, 0, 0
24, born_in_chaos_v1:farm, HEADING, header:ignore, 0, 0, 0
25, born_in_chaos_v1:farm, MONSTER, born_in_chaos_v1:pumpkin_spirit, 30, 1, 2
26, born_in_chaos_v1:firewell, HEADING, header:ignore, 0, 0, 0
27, tide:fishing_boat, HEADING, header:ignore, 0, 0, 0
28, tide:fishing_hut, HEADING, header:ignore, 0, 0, 0
29, terralith:fortified_desert_village, HEADING, header:ignore, 0, 0, 0
30, terralith:fortified_village, HEADING, header:ignore, 0, 0, 0
31, minecraft:fortress, HEADING, header:ignore, 0, 0, 0
32, minecraft:fortress, MONSTER, minecraft:blaze, 10, 2, 3
33, minecraft:fortress, MONSTER, minecraft:zombified_piglin, 10, 4, 4
34, minecraft:fortress, MONSTER, minecraft:wither_skeleton, 10, 5, 5
35, minecraft:fortress, MONSTER, minecraft:skeleton, 10, 5, 5
36, minecraft:fortress, MONSTER, minecraft:magma_cube, 10, 4, 4
37, graveyard:giant_mushroom, HEADING, header:ignore, 0, 0, 0
38, terralith:glacial_hut, HEADING, header:ignore, 0, 0, 0
39, born_in_chaos_v1:grave_darktitan, HEADING, header:ignore, 0, 0, 0
40, born_in_chaos_v1:grave_petasi, HEADING, header:ignore, 0, 0, 0
41, graveyard:haunted_house, HEADING, header:ignore, 0, 0, 0
42, graveyard:haunted_house, MONSTER, graveyard:nameless_hanged, 25, 1, 1
43, aquamirae:ice_maze/arch, HEADING, header:ignore, 0, 0, 0
44, aquamirae:ice_maze/arch, MONSTER, aquamirae:maw, 50, 1, 2
45, aquamirae:ice_maze/arch, AMBIENT, aquamirae:golden_moth, 10, 1, 2
46, aquamirae:ice_maze/common, HEADING, header:ignore, 0, 0, 0
47, aquamirae:ice_maze/common, MONSTER, aquamirae:maw, 50, 1, 2
48, aquamirae:ice_maze/spiral, HEADING, header:ignore, 0, 0, 0
49, aquamirae:ice_maze/spiral, MONSTER, aquamirae:maw, 50, 2, 6
50, minecraft:igloo, HEADING, header:ignore, 0, 0, 0
51, terralith:igloo, HEADING, header:ignore, 0, 0, 0
52, born_in_chaos_v1:infernal_pumpkin, HEADING, header:ignore, 0, 0, 0
53, minecraft:jungle_pyramid, HEADING, header:ignore, 0, 0, 0
54, graveyard:large_graveyard, HEADING, header:ignore, 0, 0, 0
55, graveyard:large_graveyard, MONSTER, graveyard:skeleton_creeper, 35, 1, 1
56, graveyard:large_graveyard, MONSTER, graveyard:revenant, 45, 1, 3
57, graveyard:large_graveyard, MONSTER, graveyard:ghoul, 50, 2, 4
58, graveyard:large_graveyard, MONSTER, born_in_chaos_v1:missioner, 50, 1, 1
59, watching:leafless_grove, HEADING, header:ignore, 0, 0, 0
60, graveyard:lich_prison, HEADING, header:ignore, 0, 0, 0
61, watching:logless_tree/acacia, HEADING, header:ignore, 0, 0, 0
62, watching:logless_tree/birch, HEADING, header:ignore, 0, 0, 0
63, watching:logless_tree/oak, HEADING, header:ignore, 0, 0, 0
64, watching:logless_tree/spruce, HEADING, header:ignore, 0, 0, 0
65, terralith:mage_complex, HEADING, header:ignore, 0, 0, 0
66, terralith:mage_tower, HEADING, header:ignore, 0, 0, 0
67, terralith:mage_tower_autumn, HEADING, header:ignore, 0, 0, 0
68, terralith:mage_tower_spring, HEADING, header:ignore, 0, 0, 0
69, terralith:mage_tower_summer, HEADING, header:ignore, 0, 0, 0
70, terralith:mage_tower_winter, HEADING, header:ignore, 0, 0, 0
71, minecraft:mansion, HEADING, header:ignore, 0, 0, 0
72, graveyard:medium_graveyard, HEADING, header:ignore, 0, 0, 0
73, graveyard:medium_graveyard, MONSTER, graveyard:skeleton_creeper, 35, 1, 1
74, graveyard:medium_graveyard, MONSTER, graveyard:revenant, 45, 1, 3
75, graveyard:medium_graveyard, MONSTER, graveyard:ghoul, 50, 2, 4
76, graveyard:memorial_tree, HEADING, header:ignore, 0, 0, 0
77, minecraft:mineshaft, HEADING, header:ignore, 0, 0, 0
78, minecraft:mineshaft, WATER_AMBIENT, fishofthieves:ancientscale, 12, 4, 8
79, minecraft:mineshaft, WATER_AMBIENT, fishofthieves:plentifin, 12, 4, 8
80, bettermineshafts:mineshaft_acacia, HEADING, header:ignore, 0, 0, 0
81, bettermineshafts:mineshaft_acacia, WATER_AMBIENT, fishofthieves:ancientscale, 12, 4, 8
82, bettermineshafts:mineshaft_acacia, WATER_AMBIENT, fishofthieves:plentifin, 12, 4, 8
83, bettermineshafts:mineshaft_desert, HEADING, header:ignore, 0, 0, 0
84, bettermineshafts:mineshaft_desert, WATER_AMBIENT, fishofthieves:ancientscale, 12, 4, 8
85, bettermineshafts:mineshaft_desert, WATER_AMBIENT, fishofthieves:plentifin, 12, 4, 8
86, bettermineshafts:mineshaft_dripstone, HEADING, header:ignore, 0, 0, 0
87, bettermineshafts:mineshaft_dripstone, WATER_AMBIENT, fishofthieves:ancientscale, 12, 4, 8
88, bettermineshafts:mineshaft_dripstone, WATER_AMBIENT, fishofthieves:plentifin, 12, 4, 8
89, bettermineshafts:mineshaft_ice, HEADING, header:ignore, 0, 0, 0
90, bettermineshafts:mineshaft_ice, WATER_AMBIENT, fishofthieves:ancientscale, 12, 4, 8
91, bettermineshafts:mineshaft_ice, WATER_AMBIENT, fishofthieves:plentifin, 12, 4, 8
92, bettermineshafts:mineshaft_jungle, HEADING, header:ignore, 0, 0, 0
93, bettermineshafts:mineshaft_jungle, WATER_AMBIENT, fishofthieves:ancientscale, 12, 4, 8
94, bettermineshafts:mineshaft_jungle, WATER_AMBIENT, fishofthieves:plentifin, 12, 4, 8
95, bettermineshafts:mineshaft_lush, HEADING, header:ignore, 0, 0, 0
96, bettermineshafts:mineshaft_lush, WATER_AMBIENT, fishofthieves:ancientscale, 12, 4, 8
97, bettermineshafts:mineshaft_lush, WATER_AMBIENT, fishofthieves:plentifin, 12, 4, 8
98, bettermineshafts:mineshaft_mesa, HEADING, header:ignore, 0, 0, 0
99, bettermineshafts:mineshaft_mesa, WATER_AMBIENT, fishofthieves:ancientscale, 12, 4, 8
100, bettermineshafts:mineshaft_mesa, WATER_AMBIENT, fishofthieves:plentifin, 12, 4, 8
101, minecraft:mineshaft_mesa, HEADING, header:ignore, 0, 0, 0
102, minecraft:mineshaft_mesa, WATER_AMBIENT, fishofthieves:ancientscale, 12, 4, 8
103, minecraft:mineshaft_mesa, WATER_AMBIENT, fishofthieves:plentifin, 12, 4, 8
104, bettermineshafts:mineshaft_mushroom, HEADING, header:ignore, 0, 0, 0
105, bettermineshafts:mineshaft_mushroom, WATER_AMBIENT, fishofthieves:ancientscale, 12, 4, 8
106, bettermineshafts:mineshaft_mushroom, WATER_AMBIENT, fishofthieves:plentifin, 12, 4, 8
107, bettermineshafts:mineshaft_oak, HEADING, header:ignore, 0, 0, 0
108, bettermineshafts:mineshaft_oak, WATER_AMBIENT, fishofthieves:ancientscale, 12, 4, 8
109, bettermineshafts:mineshaft_oak, WATER_AMBIENT, fishofthieves:plentifin, 12, 4, 8
110, bettermineshafts:mineshaft_overgrown, HEADING, header:ignore, 0, 0, 0
111, bettermineshafts:mineshaft_overgrown, WATER_AMBIENT, fishofthieves:ancientscale, 12, 4, 8
112, bettermineshafts:mineshaft_overgrown, WATER_AMBIENT, fishofthieves:plentifin, 12, 4, 8
113, bettermineshafts:mineshaft_red_desert, HEADING, header:ignore, 0, 0, 0
114, bettermineshafts:mineshaft_red_desert, WATER_AMBIENT, fishofthieves:ancientscale, 12, 4, 8
115, bettermineshafts:mineshaft_red_desert, WATER_AMBIENT, fishofthieves:plentifin, 12, 4, 8
116, bettermineshafts:mineshaft_spruce, HEADING, header:ignore, 0, 0, 0
117, bettermineshafts:mineshaft_spruce, WATER_AMBIENT, fishofthieves:ancientscale, 12, 4, 8
118, bettermineshafts:mineshaft_spruce, WATER_AMBIENT, fishofthieves:plentifin, 12, 4, 8
119, bettermineshafts:mineshaft_spruce_snowy, HEADING, header:ignore, 0, 0, 0
120, bettermineshafts:mineshaft_spruce_snowy, WATER_AMBIENT, fishofthieves:ancientscale, 12, 4, 8
121, bettermineshafts:mineshaft_spruce_snowy, WATER_AMBIENT, fishofthieves:plentifin, 12, 4, 8
122, minecraft:monument, HEADING, header:ignore, 0, 0, 0
123, minecraft:monument, MONSTER, minecraft:guardian, 10, 2, 4
124, minecraft:monument, WATER_AMBIENT, fishofthieves:battlegill, 10, 2, 4
125, watching:mossy_pyramid, HEADING, header:ignore, 0, 0, 0
126, born_in_chaos_v1:mound_of_hounds, HEADING, header:ignore, 0, 0, 0
127, born_in_chaos_v1:mound_of_hounds, MONSTER, born_in_chaos_v1:dread_hound, 50, 2, 5
128, born_in_chaos_v1:mound_of_hounds, MONSTER, born_in_chaos_v1:dire_hound_leader, 10, 1, 1
129, graveyard:mushroom_grave, HEADING, header:ignore, 0, 0, 0
130, nyctophobia:mushroom_structure, HEADING, header:ignore, 0, 0, 0
131, minecraft:nether_fossil, HEADING, header:ignore, 0, 0, 0
132, born_in_chaos_v1:observation_tower_forest, HEADING, header:ignore, 0, 0, 0
133, born_in_chaos_v1:observation_tower_plains, HEADING, header:ignore, 0, 0, 0
134, minecraft:ocean_ruin_cold, HEADING, header:ignore, 0, 0, 0
135, minecraft:ocean_ruin_cold, WATER_AMBIENT, fishofthieves:ancientscale, 12, 4, 8
136, minecraft:ocean_ruin_warm, HEADING, header:ignore, 0, 0, 0
137, minecraft:ocean_ruin_warm, WATER_AMBIENT, fishofthieves:ancientscale, 12, 4, 8
138, watching:ocean_sand_pyramid, HEADING, header:ignore, 0, 0, 0
139, aquamirae:outpost, HEADING, header:ignore, 0, 0, 0
140, aquamirae:outpost, MONSTER, minecraft:pillager, 10, 1, 2
141, aquamirae:outpost, MONSTER, minecraft:vindicator, 10, 1, 1
142, minecraft:pillager_outpost, HEADING, header:ignore, 0, 0, 0
143, minecraft:pillager_outpost, MONSTER, minecraft:pillager, 10, 1, 1
144, minecraft:pillager_outpost, WATER_AMBIENT, fishofthieves:battlegill, 10, 2, 4
145, watching:redstone_torch_trail, HEADING, header:ignore, 0, 0, 0
146, terralith:rubble_desert, HEADING, header:ignore, 0, 0, 0
147, terralith:rubble_forest, HEADING, header:ignore, 0, 0, 0
148, terralith:rubble_jungle, HEADING, header:ignore, 0, 0, 0
149, terralith:rubble_mesa, HEADING, header:ignore, 0, 0, 0
150, terralith:rubble_mountain, HEADING, header:ignore, 0, 0, 0
151, terralith:rubble_taiga, HEADING, header:ignore, 0, 0, 0
152, minecraft:ruined_portal, HEADING, header:ignore, 0, 0, 0
153, minecraft:ruined_portal_desert, HEADING, header:ignore, 0, 0, 0
154, minecraft:ruined_portal_jungle, HEADING, header:ignore, 0, 0, 0
155, minecraft:ruined_portal_mountain, HEADING, header:ignore, 0, 0, 0
156, minecraft:ruined_portal_nether, HEADING, header:ignore, 0, 0, 0
157, minecraft:ruined_portal_ocean, HEADING, header:ignore, 0, 0, 0
158, minecraft:ruined_portal_ocean, WATER_AMBIENT, fishofthieves:wrecker, 50, 4, 8
159, minecraft:ruined_portal_swamp, HEADING, header:ignore, 0, 0, 0
160, graveyard:ruins, HEADING, header:ignore, 0, 0, 0
161, graveyard:ruins, MONSTER, graveyard:skeleton_creeper, 35, 1, 1
162, graveyard:ruins, MONSTER, graveyard:revenant, 45, 1, 3
163, graveyard:ruins, MONSTER, graveyard:ghoul, 50, 1, 2
164, watching:sand_pyramid, HEADING, header:ignore, 0, 0, 0
165, fishofthieves:seapost, HEADING, header:ignore, 0, 0, 0
166, aquamirae:shelter, HEADING, header:ignore, 0, 0, 0
167, aquamirae:ship, HEADING, header:ignore, 0, 0, 0
168, aquamirae:ship, MONSTER, minecraft:pillager, 10, 1, 2
169, aquamirae:ship, MONSTER, minecraft:vindicator, 10, 1, 1
170, minecraft:shipwreck, HEADING, header:ignore, 0, 0, 0
171, minecraft:shipwreck, WATER_AMBIENT, fishofthieves:wrecker, 50, 4, 8
172, minecraft:shipwreck_beached, HEADING, header:ignore, 0, 0, 0
173, betterdungeons:skeleton_dungeon, HEADING, header:ignore, 0, 0, 0
174, betterdungeons:skeleton_dungeon, MONSTER, minecraft:skeleton, 80, 4, 12
175, graveyard:small_desert_grave, HEADING, header:ignore, 0, 0, 0
176, graveyard:small_desert_graveyard, HEADING, header:ignore, 0, 0, 0
177, graveyard:small_desert_graveyard, MONSTER, minecraft:vindicator, 10, 1, 1
178, graveyard:small_desert_graveyard, MONSTER, minecraft:pillager, 10, 1, 1
179, betterdungeons:small_dungeon, HEADING, header:ignore, 0, 0, 0
180, graveyard:small_grave, HEADING, header:ignore, 0, 0, 0
181, graveyard:small_graveyard, HEADING, header:ignore, 0, 0, 0
182, graveyard:small_graveyard, MONSTER, graveyard:skeleton_creeper, 35, 1, 1
183, graveyard:small_graveyard, MONSTER, graveyard:revenant, 45, 1, 3
184, graveyard:small_graveyard, MONSTER, graveyard:ghoul, 50, 1, 2
185, graveyard:small_mountain_grave, HEADING, header:ignore, 0, 0, 0
186, betterdungeons:small_nether_dungeon, HEADING, header:ignore, 0, 0, 0
187, graveyard:small_savanna_grave, HEADING, header:ignore, 0, 0, 0
188, betterdungeons:spider_dungeon, HEADING, header:ignore, 0, 0, 0
189, betterdungeons:spider_dungeon, MONSTER, minecraft:spider, 80, 4, 12
190, betterdungeons:spider_dungeon, MONSTER, minecraft:cave_spider, 50, 4, 8
191, terralith:spire, HEADING, header:ignore, 0, 0, 0
192, minecraft:stronghold, HEADING, header:ignore, 0, 0, 0
193, minecraft:stronghold, WATER_AMBIENT, fishofthieves:ancientscale, 12, 4, 8
194, minecraft:stronghold, WATER_AMBIENT, fishofthieves:plentifin, 12, 4, 8
195, minecraft:swamp_hut, HEADING, header:ignore, 0, 0, 0
196, minecraft:swamp_hut, MONSTER, minecraft:witch, 10, 1, 1
197, minecraft:swamp_hut, CREATURE, minecraft:cat, 10, 1, 1
198, underground_jungle:temple, HEADING, header:ignore, 0, 0, 0
199, underground_jungle:temple, MONSTER, underground_jungle:mossy_skeleton, 10, 1, 1
200, watching:torch_cave, HEADING, header:ignore, 0, 0, 0
201, watching:torch_tunnel/1x2/torchless_tunnel, HEADING, header:ignore, 0, 0, 0
202, watching:torch_tunnel/1x2/tunnel, HEADING, header:ignore, 0, 0, 0
203, watching:torch_tunnel/2x2_tunnel, HEADING, header:ignore, 0, 0, 0
204, minecraft:trail_ruins, HEADING, header:ignore, 0, 0, 0
205, terralith:underground/frosted_dungeon, HEADING, header:ignore, 0, 0, 0
206, terralith:underground/giant_bee_hive, HEADING, header:ignore, 0, 0, 0
207, terralith:underground/mining_outpost, HEADING, header:ignore, 0, 0, 0
208, terralith:underground/oak_cabin, HEADING, header:ignore, 0, 0, 0
209, terralith:underground/old_refinery, HEADING, header:ignore, 0, 0, 0
210, terralith:underground/sunken_tower, HEADING, header:ignore, 0, 0, 0
211, terralith:underground/witch_hut, HEADING, header:ignore, 0, 0, 0
212, underground_bunkers:underground_bunker, HEADING, header:ignore, 0, 0, 0
213, terralith:underground_cabin, HEADING, header:ignore, 0, 0, 0
214, underground_villages:underground_village, HEADING, header:ignore, 0, 0, 0
215, terralith:valley_lodge, HEADING, header:ignore, 0, 0, 0
216, minecraft:village_desert, HEADING, header:ignore, 0, 0, 0
217, minecraft:village_plains, HEADING, header:ignore, 0, 0, 0
218, minecraft:village_savanna, HEADING, header:ignore, 0, 0, 0
219, minecraft:village_snowy, HEADING, header:ignore, 0, 0, 0
220, minecraft:village_taiga, HEADING, header:ignore, 0, 0, 0
221, terralith:witch_hut, HEADING, header:ignore, 0, 0, 0
222, terralith:witch_hut, MONSTER, minecraft:witch, 10, 1, 2
223, terralith:witch_hut, CREATURE, minecraft:cat, 10, 1, 1
224, betterdungeons:zombie_dungeon, HEADING, header:ignore, 0, 0, 0
225, betterdungeons:zombie_dungeon, MONSTER, minecraft:zombie, 80, 4, 12
